<?xml version="1.0" encoding="UTF-8"?>
<!-- Generated by org.testng.reporters.JUnitReportReporter -->
<testsuite hostname="DESKTOP-8V2DEAG" failures="0" tests="4" name="tests.LoginTest" time="181.950" errors="0" timestamp="2026-06-29T18:51:05 EEST" skipped="0">
  <testcase classname="tests.LoginTest" name="testLoginFlows" time="37.604"/>
  <testcase classname="tests.LoginTest" name="testLoginFlows" time="55.393"/>
  <testcase classname="tests.LoginTest" name="testLoginFlows" time="35.755"/>
  <testcase classname="tests.LoginTest" name="testLoginFlows" time="53.198"/>
</testsuite> <!-- tests.LoginTest -->
