<?xml version="1.0" encoding="UTF-8"?>
<!-- Generated by org.testng.reporters.JUnitXMLReporter -->
<testsuite ignored="0" hostname="DESKTOP-8V2DEAG" failures="1" tests="5" name="Contact Us Test" time="188.71" errors="0" timestamp="2026-06-29T18:47:54 EEST">
  <testcase classname="tests.ContactUsTest" name="navigateToContactUs" time="30.495"/>
  <testcase classname="tests.ContactUsTest" name="submitContactForm" time="37.658">
    <failure type="java.lang.AssertionError" message="KNOWN BUG (raised by Eslam): the &amp;apos;Send&amp;apos; control is an &amp;lt;a href=&amp;quot;#&amp;quot;&amp;gt; link, not a real submit button - clicking it only scrolls to the top of the page and never submits the form, so no success/confirmation message appears. This test stays red until the bug is fixed. expected [true] but found [false]">
      <![CDATA[java.lang.AssertionError: KNOWN BUG (raised by Eslam): the 'Send' control is an <a href="#"> link, not a real submit button - clicking it only scrolls to the top of the page and never submits the form, so no success/confirmation message appears. This test stays red until the bug is fixed. expected [true] but found [false]
at tests.ContactUsTest.submitContactForm(ContactUsTest.java:102)
at java.base/java.util.ArrayList.forEach(ArrayList.java:1596)
... Removed 32 stack frames]]>
    </failure>
  </testcase> <!-- submitContactForm -->
  <testcase classname="tests.ContactUsTest" name="verifyContactFormFieldsPresent" time="26.454"/>
  <testcase classname="tests.ContactUsTest" name="verifyContactHeader" time="29.444"/>
  <testcase classname="tests.ContactUsTest" name="verifyHomePageLoads" time="27.243"/>
</testsuite> <!-- Contact Us Test -->
