<?xml version="1.0" encoding="UTF-8"?>
<!-- Generated by org.testng.reporters.JUnitXMLReporter -->
<testsuite ignored="0" hostname="DESKTOP-8V2DEAG" failures="0" tests="4" name="Login Test" time="181.957" errors="0" timestamp="2026-06-29T18:50:56 EEST">
  <testcase classname="tests.LoginTest" name="testLoginFlows" time="48.808"/>
  <testcase classname="tests.LoginTest" name="testLoginFlows" time="27.225"/>
  <testcase classname="tests.LoginTest" name="testLoginFlows" time="31.754"/>
  <testcase classname="tests.LoginTest" name="testLoginFlows" time="46.953"/>
</testsuite> <!-- Login Test -->
