<?xml version="1.0" encoding="UTF-8"?>
<!-- Generated by org.testng.reporters.JUnitXMLReporter -->
<testsuite ignored="0" hostname="DESKTOP-8V2DEAG" failures="0" tests="2" name="User Registration Test" time="87.995" errors="0" timestamp="2026-06-29T18:44:14 EEST">
  <testcase classname="tests.UserRegistrationTest" name="testPasswordMismatchFullJourney" time="41.247"/>
  <testcase classname="tests.UserRegistrationTest" name="testValidRegistrationFullJourney" time="32.052"/>
</testsuite> <!-- User Registration Test -->
